<?xml version="1.0" encoding="utf-8"?><testsuites name="pytest tests"><testsuite name="pytest" errors="0" failures="0" skipped="0" tests="14" time="1.873" timestamp="2026-04-27T00:59:03.792552+00:00" hostname="agent-env-d56f00eb-62be-43e9-922c-028c2b91d19a"><testcase classname="backend.tests.test_rey_tacos_api.TestAuth" name="test_login_success" time="0.240" /><testcase classname="backend.tests.test_rey_tacos_api.TestAuth" name="test_login_invalid" time="0.057" /><testcase classname="backend.tests.test_rey_tacos_api.TestPublicReads" name="test_root" time="0.045" /><testcase classname="backend.tests.test_rey_tacos_api.TestPublicReads" name="test_categories_seeded" time="0.050" /><testcase classname="backend.tests.test_rey_tacos_api.TestPublicReads" name="test_products_seeded" time="0.052" /><testcase classname="backend.tests.test_rey_tacos_api.TestPublicReads" name="test_sauces_seeded" time="0.048" /><testcase classname="backend.tests.test_rey_tacos_api.TestAuthProtection" name="test_create_category_no_auth" time="0.047" /><testcase classname="backend.tests.test_rey_tacos_api.TestAuthProtection" name="test_create_product_no_auth" time="0.047" /><testcase classname="backend.tests.test_rey_tacos_api.TestAuthProtection" name="test_create_sauce_no_auth" time="0.046" /><testcase classname="backend.tests.test_rey_tacos_api.TestAuthProtection" name="test_bad_token" time="0.055" /><testcase classname="backend.tests.test_rey_tacos_api.TestCategoryCRUD" name="test_full_cycle" time="0.331" /><testcase classname="backend.tests.test_rey_tacos_api.TestCategoryCRUD" name="test_update_nonexistent" time="0.050" /><testcase classname="backend.tests.test_rey_tacos_api.TestProductCRUD" name="test_full_cycle" time="0.316" /><testcase classname="backend.tests.test_rey_tacos_api.TestSauceCRUD" name="test_full_cycle" time="0.247" /></testsuite></testsuites>